# JRE version: Java(TM) SE Runtime Environment (8.0_101-b13) (build 1.8.0_101-b13)
# Java VM: Java HotSpot(TM) 64-Bit Server VM (25.101-b13 mixed mode linux-amd64 compressed oops)
Heap:
 PSYoungGen      total 26624K, used 26176K [0x00000000d6d00000, 0x00000000f6f00000, 0x0000000100000000)
  eden space 26112K, 100% used [0x00000000d6d00000,0x00000000d8680000,0x00000000d8680000)
  from space 512K, 12% used [0x00000000f6e80000,0x00000000f6e90000,0x00000000f6f00000)
  to   space 512K, 0% used [0x00000000f6e00000,0x00000000f6e00000,0x00000000f6e80000)
 ParOldGen       total 49152K, used 9354K [0x0000000084600000, 0x0000000087600000, 0x00000000d6d00000)
  object space 49152K, 19% used [0x0000000084600000,0x0000000084f22a60,0x0000000087600000)
 Metaspace       used 26198K, capacity 27476K, committed 27696K, reserved 1073152K
  class space    used 3168K, capacity 3796K, committed 3888K, reserved 1048576K
GC Heap History (10 events):
Event: 66525,649 GC heap before
{Heap before GC invocations=36083 (full 1):
 PSYoungGen      total 26624K, used 26176K [0x00000000d6d00000, 0x00000000f6f00000, 0x0000000100000000)
  eden space 26112K, 100% used [0x00000000d6d00000,0x00000000d8680000,0x00000000d8680000)
  from space 512K, 12% used [0x00000000f6e00000,0x00000000f6e10000,0x00000000f6e80000)
  to   space 512K, 0% used [0x00000000f6e80000,0x00000000f6e80000,0x00000000f6f00000)
 ParOldGen       total 49152K, used 9354K [0x0000000084600000, 0x0000000087600000, 0x00000000d6d00000)
  object space 49152K, 19% used [0x0000000084600000,0x0000000084f22a60,0x0000000087600000)
 Metaspace       used 26170K, capacity 27476K, committed 27696K, reserved 1073152K
  class space    used 3167K, capacity 3796K, committed 3888K, reserved 1048576K
Event: 66525,650 GC heap after
Heap after GC invocations=36083 (full 1):
 PSYoungGen      total 26624K, used 64K [0x00000000d6d00000, 0x00000000f6f00000, 0x0000000100000000)
  eden space 26112K, 0% used [0x00000000d6d00000,0x00000000d6d00000,0x00000000d8680000)
  from space 512K, 12% used [0x00000000f6e80000,0x00000000f6e90000,0x00000000f6f00000)
  to   space 512K, 0% used [0x00000000f6e00000,0x00000000f6e00000,0x00000000f6e80000)
 ParOldGen       total 49152K, used 9354K [0x0000000084600000, 0x0000000087600000, 0x00000000d6d00000)
  object space 49152K, 19% used [0x0000000084600000,0x0000000084f22a60,0x0000000087600000)
 Metaspace       used 26170K, capacity 27476K, committed 27696K, reserved 1073152K
  class space    used 3167K, capacity 3796K, committed 3888K, reserved 1048576K
}
Event: 66527,510 GC heap before
{Heap before GC invocations=36084 (full 1):
 PSYoungGen      total 26624K, used 26176K [0x00000000d6d00000, 0x00000000f6f00000, 0x0000000100000000)
  eden space 26112K, 100% used [0x00000000d6d00000,0x00000000d8680000,0x00000000d8680000)
  from space 512K, 12% used [0x00000000f6e80000,0x00000000f6e90000,0x00000000f6f00000)
  to   space 512K, 0% used [0x00000000f6e00000,0x00000000f6e00000,0x00000000f6e80000)
 ParOldGen       total 49152K, used 9354K [0x0000000084600000, 0x0000000087600000, 0x00000000d6d00000)
  object space 49152K, 19% used [0x0000000084600000,0x0000000084f22a60,0x0000000087600000)
 Metaspace       used 26170K, capacity 27476K, committed 27696K, reserved 1073152K
  class space    used 3167K, capacity 3796K, committed 3888K, reserved 1048576K
Event: 66527,511 GC heap after
Heap after GC invocations=36084 (full 1):
 PSYoungGen      total 26624K, used 96K [0x00000000d6d00000, 0x00000000f6f00000, 0x0000000100000000)
  eden space 26112K, 0% used [0x00000000d6d00000,0x00000000d6d00000,0x00000000d8680000)
  from space 512K, 18% used [0x00000000f6e00000,0x00000000f6e18000,0x00000000f6e80000)
  to   space 512K, 0% used [0x00000000f6e80000,0x00000000f6e80000,0x00000000f6f00000)
 ParOldGen       total 49152K, used 9354K [0x0000000084600000, 0x0000000087600000, 0x00000000d6d00000)
  object space 49152K, 19% used [0x0000000084600000,0x0000000084f22a60,0x0000000087600000)
 Metaspace       used 26170K, capacity 27476K, committed 27696K, reserved 1073152K
  class space    used 3167K, capacity 3796K, committed 3888K, reserved 1048576K
}
Event: 66529,365 GC heap before
{Heap before GC invocations=36085 (full 1):
 PSYoungGen      total 26624K, used 26208K [0x00000000d6d00000, 0x00000000f6f00000, 0x0000000100000000)
  eden space 26112K, 100% used [0x00000000d6d00000,0x00000000d8680000,0x00000000d8680000)
  from space 512K, 18% used [0x00000000f6e00000,0x00000000f6e18000,0x00000000f6e80000)
  to   space 512K, 0% used [0x00000000f6e80000,0x00000000f6e80000,0x00000000f6f00000)
 ParOldGen       total 49152K, used 9354K [0x0000000084600000, 0x0000000087600000, 0x00000000d6d00000)
  object space 49152K, 19% used [0x0000000084600000,0x0000000084f22a60,0x0000000087600000)
 Metaspace       used 26170K, capacity 27476K, committed 27696K, reserved 1073152K
  class space    used 3167K, capacity 3796K, committed 3888K, reserved 1048576K
Event: 66529,367 GC heap after
Heap after GC invocations=36085 (full 1):
 PSYoungGen      total 26624K, used 32K [0x00000000d6d00000, 0x00000000f6f00000, 0x0000000100000000)
  eden space 26112K, 0% used [0x00000000d6d00000,0x00000000d6d00000,0x00000000d8680000)
  from space 512K, 6% used [0x00000000f6e80000,0x00000000f6e88000,0x00000000f6f00000)
  to   space 512K, 0% used [0x00000000f6e00000,0x00000000f6e00000,0x00000000f6e80000)
 ParOldGen       total 49152K, used 9354K [0x0000000084600000, 0x0000000087600000, 0x00000000d6d00000)
  object space 49152K, 19% used [0x0000000084600000,0x0000000084f22a60,0x0000000087600000)
 Metaspace       used 26170K, capacity 27476K, committed 27696K, reserved 1073152K
  class space    used 3167K, capacity 3796K, committed 3888K, reserved 1048576K
}
Event: 66531,207 GC heap before
{Heap before GC invocations=36086 (full 1):
 PSYoungGen      total 26624K, used 26144K [0x00000000d6d00000, 0x00000000f6f00000, 0x0000000100000000)
  eden space 26112K, 100% used [0x00000000d6d00000,0x00000000d8680000,0x00000000d8680000)
  from space 512K, 6% used [0x00000000f6e80000,0x00000000f6e88000,0x00000000f6f00000)
  to   space 512K, 0% used [0x00000000f6e00000,0x00000000f6e00000,0x00000000f6e80000)
 ParOldGen       total 49152K, used 9354K [0x0000000084600000, 0x0000000087600000, 0x00000000d6d00000)
  object space 49152K, 19% used [0x0000000084600000,0x0000000084f22a60,0x0000000087600000)
 Metaspace       used 26170K, capacity 27476K, committed 27696K, reserved 1073152K
  class space    used 3167K, capacity 3796K, committed 3888K, reserved 1048576K
Event: 66531,208 GC heap after
Heap after GC invocations=36086 (full 1):
 PSYoungGen      total 26624K, used 32K [0x00000000d6d00000, 0x00000000f6f00000, 0x0000000100000000)
  eden space 26112K, 0% used [0x00000000d6d00000,0x00000000d6d00000,0x00000000d8680000)
  from space 512K, 6% used [0x00000000f6e00000,0x00000000f6e08000,0x00000000f6e80000)
  to   space 512K, 0% used [0x00000000f6e80000,0x00000000f6e80000,0x00000000f6f00000)
 ParOldGen       total 49152K, used 9354K [0x0000000084600000, 0x0000000087600000, 0x00000000d6d00000)
  object space 49152K, 19% used [0x0000000084600000,0x0000000084f22a60,0x0000000087600000)
 Metaspace       used 26170K, capacity 27476K, committed 27696K, reserved 1073152K
  class space    used 3167K, capacity 3796K, committed 3888K, reserved 1048576K
}
Event: 66533,068 GC heap before
{Heap before GC invocations=36087 (full 1):
 PSYoungGen      total 26624K, used 26144K [0x00000000d6d00000, 0x00000000f6f00000, 0x0000000100000000)
  eden space 26112K, 100% used [0x00000000d6d00000,0x00000000d8680000,0x00000000d8680000)
  from space 512K, 6% used [0x00000000f6e00000,0x00000000f6e08000,0x00000000f6e80000)
  to   space 512K, 0% used [0x00000000f6e80000,0x00000000f6e80000,0x00000000f6f00000)
 ParOldGen       total 49152K, used 9354K [0x0000000084600000, 0x0000000087600000, 0x00000000d6d00000)
  object space 49152K, 19% used [0x0000000084600000,0x0000000084f22a60,0x0000000087600000)
 Metaspace       used 26178K, capacity 27476K, committed 27696K, reserved 1073152K
  class space    used 3168K, capacity 3796K, committed 3888K, reserved 1048576K
Event: 66533,069 GC heap after
Heap after GC invocations=36087 (full 1):
 PSYoungGen      total 26624K, used 64K [0x00000000d6d00000, 0x00000000f6f00000, 0x0000000100000000)
  eden space 26112K, 0% used [0x00000000d6d00000,0x00000000d6d00000,0x00000000d8680000)
  from space 512K, 12% used [0x00000000f6e80000,0x00000000f6e90000,0x00000000f6f00000)
  to   space 512K, 0% used [0x00000000f6e00000,0x00000000f6e00000,0x00000000f6e80000)
 ParOldGen       total 49152K, used 9354K [0x0000000084600000, 0x0000000087600000, 0x00000000d6d00000)
  object space 49152K, 19% used [0x0000000084600000,0x0000000084f22a60,0x0000000087600000)
 Metaspace       used 26178K, capacity 27476K, committed 27696K, reserved 1073152K
  class space    used 3168K, capacity 3796K, committed 3888K, reserved 1048576K
}

